{"C:\\Users\\2002t\\OneDrive\\Desktop\\CODE\\PROJECT\\react\\namastyreact\\one\\src\\components\\Sum.js": {"path":"C:\\Users\\2002t\\OneDrive\\Desktop\\CODE\\PROJECT\\react\\namastyreact\\one\\src\\components\\Sum.js","statementMap":{"0":{"start":{"line":2,"column":4},"end":{"line":2,"column":14}}},"fnMap":{"0":{"name":"sum","decl":{"start":{"line":1,"column":16},"end":{"line":1,"column":19}},"loc":{"start":{"line":1,"column":24},"end":{"line":3,"column":1}},"line":1}},"branchMap":{},"s":{"0":1},"f":{"0":1},"b":{},"_coverageSchema":"1a1c01bbd47fc00a2c39e90264f33305004495a9","hash":"b5e3681477100cfd983e1a4b09a4de592bd6b669"}
}
